[2025-05-02T16:51:19.522Z] [32MINFO[39M: Server is listening on http://localhost:3000/api/v1
[2025-05-02T16:52:01.667Z] [32MINFO[39M: Server is listening on http://localhost:3000/api/v1
[2025-05-02T16:52:01.671Z] [31MERROR[39M: Test error log message
[2025-05-02T16:56:03.307Z] [32MINFO[39M: Server is listening on http://localhost:3000/api/v1
[2025-05-02T16:56:03.316Z] [31MERROR[39M: Test error log message
[2025-05-02T16:56:51.921Z] [32MINFO[39M: Server is listening on http://localhost:3000/api/v1
[2025-05-02T16:56:51.927Z] [31MERROR[39M: Test error log message
[2025-05-02T16:57:12.037Z] [32MINFO[39M: Server is listening on http://localhost:3000/api/v1
[2025-05-02T16:57:12.045Z] [31MERROR[39M: Test error log message
[2025-05-02T16:57:52.140Z] [33MINFO[39M: [33mServer is listening on http://localhost:3000/api/v1[39m
[2025-05-02T16:57:52.145Z] [31MERROR[39M: [31mTest error log message[39m
[2025-05-02T16:58:34.078Z] [33MINFO[39M: [33mServer is listening on http://localhost:3000/api/v1[39m
[2025-05-02T16:58:34.092Z] [31MERROR[39M: [31mTest error log message[39m
[2025-05-02T16:59:09.812Z] [33MINFO[39M: [33mServer is listening on http://localhost:3000/api/v1[39m
[2025-05-02T16:59:09.818Z] [31MERROR[39M: [31mTest error log message[39m
[2025-05-02T16:59:26.566Z] [33MINFO[39M: [33mServer is listening on http://localhost:3000/api/v1[39m
[2025-05-02T16:59:26.573Z] [31MERROR[39M: [31mTest error log message[39m
[2025-05-02T16:59:35.582Z] [33MINFO[39M: [33mServer is listening on http://localhost:3000/api/v1[39m
[2025-05-02T16:59:35.589Z] [31MERROR[39M: [31mTest error log message[39m
[2025-05-02T16:59:39.514Z] [33MINFO[39M: [33mServer is listening on http://localhost:3000/api/v1[39m
[2025-05-02T16:59:39.521Z] [31MERROR[39M: [31mTest error log message[39m
[2025-05-02T17:00:23.582Z] [33MINFO[39M: [33mServer is listening on http://localhost:3000/api/v1[39m
[2025-05-02T17:00:23.590Z] [31MERROR[39M: [31mTest error log message[39m
[2025-05-02T17:00:23.591Z] [34MWARN[39M: [34mTest warn log message[39m
[2025-05-02T17:01:58.596Z] [33MINFO[39M: [33mServer is listening on http://localhost:3000/api/v1[39m
[2025-05-02T17:01:58.601Z] [31MERROR[39M: [31mTest error log message[39m
[2025-05-02T17:01:58.602Z] [34MWARN[39M: [34mTest warn log message[39m
[2025-05-02T17:02:27.060Z] [34MINFO[39M: Server is listening on http://localhost:3000/api/v1
[2025-05-02T17:02:27.066Z] [31MERROR[39M: Test error log message
[2025-05-02T17:02:27.067Z] [33MWARN[39M: Test warn log message
[2025-05-02T17:02:40.968Z] [33MINFO[39M: [33mServer is listening on http://localhost:3000/api/v1[39m
[2025-05-02T17:02:40.976Z] [31MERROR[39M: [31mTest error log message[39m
[2025-05-02T17:02:40.978Z] [32MWARN[39M: [32mTest warn log message[39m
[2025-05-02T17:02:46.676Z] [33MINFO[39M: [33mServer is listening on http://localhost:3000/api/v1[39m
[2025-05-02T17:02:46.693Z] [31MERROR[39M: [31mTest error log message[39m
[2025-05-02T17:02:46.698Z] [32MWARN[39M: [32mTest warn log message[39m
[2025-05-02T17:03:12.062Z] [33MINFO[39M: [33mServer is listening on http://localhost:3000/api/v1[39m
